Walkman & Othon Musicdisk - Armada,IT IT
Walkman Music - IT
Water proof - Rebels
Water proof - Rebels Fixed
Wave Sound - Appendix
Wayfarer - Spaceballs
We Will Smash You - TRSI
When we ride on our enemies - Skarla AGA
Wibbly Wobbly - Magnetic Fields
Wicked Sensation - Tristar & Red Sector Inc.
Wild - Anadune,Nah-Kolor AGA
Wind It Up MegaMix 93 - Xymox Project
With Vectors To Heaven - World Federation of Mad Hackers
Wit Premium - Freezers AGA
World of Commodore - Sanity
World of Commodore - Sanity
World Of Manga - Comax AGA
World Of Noise #1 - Digitech,Italian bad boys,knight hawks
World's Wave - Subway
World's wave II - Subway,Dream Team
World's wave III - Subway,Dream Team
World's wave IV - Subway