Rainheart Project - BAD COMPANY
Rampage - The Electronic Knights
Rap is Crap - Taipan
Raverance - Cyclone
Ray of Hope - Majic 12
Ray of hope 2 - Majic 12
Raytraced Dreams - Old Bulls
Real - Complex AGA
Real Empathy - Virtual
Reflex - Liquid
Revenge - Fraxion
Revolutions - Amaze
Rhythm Device - Energy
Rhythm Nation - The Lost Boys
Rink A Dink - Lemon.
Rink a Dink: REDUX - Lemon.
Rock Box 1 - Avoid
RockBox2 - Avoid
Rolling - Omega Machine Designers,Ringard
Roots v2.0 - Sanity AGA
Roots - Sanity AGA
Roswell - NFA AGA
Route 66 - D-Mob
Rubbish - Amega Industries