Eargasm Tunes - The Silents
Earwig - Infect
E.C.E.S. slideshow - Rebels AGA
Ecliptica - TRSI
Electric Sound 3 - The Goonies 2041
Electrons At Work - The Electronic Knights
Elysium - Sanity
Emptyhead - Rednex AGA
End of maloy - The Silents
End Of The Misery - Sagazity
Enigma - Phenomena
Enjoy the Silents - The Silents
Epilepsia - Amnesia
Epilepsia 2 - Amnesia
Erazorhead - Razor 1911
Essential Beats Volume 3 - Quote
Essential Classics - Nova
Estprobal Mastic - Imagine
Exage 1 - Burning Independence
Experiment - Ram Jam
Explorer - Delight AGA
Expressions - Timecircle
Extemporized - Digital
Extension - Pygmy projects