Hinch Demo - Decay Demo
Hail the Engineer - Jetset
Hallucinations and dreams - preview - Katharsis
Hallucinations and Dreams - Union
Hammer - Amaze
Hardcore - Anarchy
Hardwired - Crionics,The Silents
Harmagedon - Infect AGA
Here we are - Awake
Hexadecimal perfection - Action Direct
Highway 1930 - Fraxion
His Master's Noise - Mahoney & Kaktus
Hit Collection 1 - Commando
Hit Fido - Kgb
Hit the Road - Flash Production
Hollywood Poker Slide - The Light Circle
Honeycomb - Tristar & Red Sector Inc.
Hot Music 1 - Ram Jam
Hot Music 3 - Ram Jam
Hot Music 4 - Ram Jam
House Music - Vision
How To Skin A Cat - Melon Dezign
Human Target - Melon Dezign
Hymn 633 - Damage
Hymns From The Bible 3 - Arcane
Hoi Saga Demo I - Planet Groove - Team hoi AGA