Official Commodore France A1200 demo - Digital AGA Demo
Our definition of a boombastic demo style - Rebels
Oasis - Stellar
Oblique Infinity - Goldfire
Obvious Disaster - Phenomena
Odeon - Solution
Ode To Ramon - Digital Force
Ode to Ramon 2 - The Digital Force
Odysounds 2 - Odyssey
Odyssey - Alcatraz
Old Tunes - Chrome
One Day On Mars - Exile
One Stone -Sport Aid- - Quest
Optical Dreams - Addict
Orgasm - Old Bulls
Origin - Complex AGA
Ottifanten - Thrust
Ottifanten 2 - Thrust
Overdose - Delight
Overload - Jetset
Overload 2 - Skid Row,Jetset